[debug] [2026-07-02T03:47:15.499Z] ----------------------------------------------------------------------
[debug] [2026-07-02T03:47:15.500Z] Command:       /home/mandar/.nvm/versions/node/v22.22.3/bin/node /home/mandar/.npm/_npx/ba4f1959e38407b5/node_modules/.bin/firebase deploy --only firestore:rules
[debug] [2026-07-02T03:47:15.500Z] CLI Version:   15.22.4
[debug] [2026-07-02T03:47:15.500Z] Platform:      linux
[debug] [2026-07-02T03:47:15.500Z] Node Version:  v22.22.3
[debug] [2026-07-02T03:47:15.500Z] Detected Agent: antigravity
[debug] [2026-07-02T03:47:15.500Z] Time:          Thu Jul 02 2026 09:17:15 GMT+0530 (India Standard Time)
[debug] [2026-07-02T03:47:15.500Z] ----------------------------------------------------------------------
[debug] 
[debug] [2026-07-02T03:47:16.174Z] > command requires scopes: ["email","openid","https://www.googleapis.com/auth/cloudplatformprojects.readonly","https://www.googleapis.com/auth/firebase","https://www.googleapis.com/auth/cloud-platform"]
[debug] [2026-07-02T03:47:16.174Z] > authorizing via signed-in user (waigaonkarmandar@gmail.com)
[debug] [2026-07-02T03:47:16.174Z] [iam] checking project dev-soc-registrations for permissions ["datastore.indexes.create","datastore.indexes.delete","datastore.indexes.list","datastore.indexes.update","firebase.projects.get"]
[debug] [2026-07-02T03:47:16.175Z] Checked if tokens are valid: true, expires at: 1782967079368
[debug] [2026-07-02T03:47:16.175Z] Checked if tokens are valid: true, expires at: 1782967079368
[debug] [2026-07-02T03:47:16.176Z] >>> [apiv2][query] POST https://cloudresourcemanager.googleapis.com/v1/projects/dev-soc-registrations:testIamPermissions [none]
[debug] [2026-07-02T03:47:16.176Z] >>> [apiv2][(partial)header] POST https://cloudresourcemanager.googleapis.com/v1/projects/dev-soc-registrations:testIamPermissions  x-goog-user-project=dev-soc-registrations
[debug] [2026-07-02T03:47:16.176Z] >>> [apiv2][body] POST https://cloudresourcemanager.googleapis.com/v1/projects/dev-soc-registrations:testIamPermissions {"permissions":["datastore.indexes.create","datastore.indexes.delete","datastore.indexes.list","datastore.indexes.update","firebase.projects.get"]}
[debug] [2026-07-02T03:47:17.805Z] <<< [apiv2][status] POST https://cloudresourcemanager.googleapis.com/v1/projects/dev-soc-registrations:testIamPermissions 200
[debug] [2026-07-02T03:47:17.805Z] <<< [apiv2][body] POST https://cloudresourcemanager.googleapis.com/v1/projects/dev-soc-registrations:testIamPermissions {"permissions":["datastore.indexes.create","datastore.indexes.delete","datastore.indexes.list","datastore.indexes.update","firebase.projects.get"]}
[info] 
[info] === Deploying to 'dev-soc-registrations'...
[info] 
[info] i  deploying firestore 
[info] i  firestore: ensuring required API firestore.googleapis.com is enabled... 
[info] i  firestore: ensuring required API firestore.googleapis.com is enabled... 
[debug] [2026-07-02T03:47:17.807Z] Checked if tokens are valid: true, expires at: 1782967079368
[debug] [2026-07-02T03:47:17.807Z] Checked if tokens are valid: true, expires at: 1782967079368
[debug] [2026-07-02T03:47:17.807Z] >>> [apiv2][query] GET https://firestore.googleapis.com/v1/projects/dev-soc-registrations/databases/(default) [none]
[debug] [2026-07-02T03:47:18.339Z] <<< [apiv2][status] GET https://firestore.googleapis.com/v1/projects/dev-soc-registrations/databases/(default) 200
[debug] [2026-07-02T03:47:18.339Z] <<< [apiv2][body] GET https://firestore.googleapis.com/v1/projects/dev-soc-registrations/databases/(default) {"name":"projects/dev-soc-registrations/databases/(default)","uid":"a0d1392f-7e3b-42ee-a729-47d25c0b9530","createTime":"2026-07-01T15:34:25.100836Z","updateTime":"2026-07-01T15:34:25.100836Z","locationId":"asia-south1","type":"FIRESTORE_NATIVE","concurrencyMode":"PESSIMISTIC","versionRetentionPeriod":"3600s","earliestVersionTime":"2026-07-02T02:47:18.327475Z","appEngineIntegrationMode":"DISABLED","keyPrefix":"j","pointInTimeRecoveryEnablement":"POINT_IN_TIME_RECOVERY_DISABLED","deleteProtectionState":"DELETE_PROTECTION_DISABLED","databaseEdition":"STANDARD","freeTier":true,"realtimeUpdatesMode":"REALTIME_UPDATES_MODE_ENABLED","etag":"IKG2m9GKs5UDMOGo3rrpsZUD"}
[info] i  cloud.firestore: checking firestore.rules for compilation errors... 
[debug] [2026-07-02T03:47:18.340Z] Checked if tokens are valid: true, expires at: 1782967079368
[debug] [2026-07-02T03:47:18.340Z] Checked if tokens are valid: true, expires at: 1782967079368
[debug] [2026-07-02T03:47:18.340Z] >>> [apiv2][query] POST https://firebaserules.googleapis.com/v1/projects/dev-soc-registrations:test [none]
[debug] [2026-07-02T03:47:18.340Z] >>> [apiv2][body] POST https://firebaserules.googleapis.com/v1/projects/dev-soc-registrations:test [omitted]
[debug] [2026-07-02T03:47:18.967Z] <<< [apiv2][status] POST https://firebaserules.googleapis.com/v1/projects/dev-soc-registrations:test 200
[debug] [2026-07-02T03:47:18.967Z] <<< [apiv2][body] POST https://firebaserules.googleapis.com/v1/projects/dev-soc-registrations:test {}
[info] ✔  cloud.firestore: rules file firestore.rules compiled successfully 
[debug] [2026-07-02T03:47:18.968Z] Checked if tokens are valid: true, expires at: 1782967079368
[debug] [2026-07-02T03:47:18.968Z] Checked if tokens are valid: true, expires at: 1782967079368
[debug] [2026-07-02T03:47:18.968Z] >>> [apiv2][query] GET https://firebaserules.googleapis.com/v1/projects/dev-soc-registrations/releases pageSize=10&pageToken=
[debug] [2026-07-02T03:47:20.439Z] <<< [apiv2][status] GET https://firebaserules.googleapis.com/v1/projects/dev-soc-registrations/releases 200
[debug] [2026-07-02T03:47:20.440Z] <<< [apiv2][body] GET https://firebaserules.googleapis.com/v1/projects/dev-soc-registrations/releases {"releases":[{"name":"projects/dev-soc-registrations/releases/cloud.firestore","rulesetName":"projects/dev-soc-registrations/rulesets/67ba5168-a2fb-48b0-88b6-9a948fdb1159","createTime":"2026-07-01T15:34:28.159500Z","updateTime":"2026-07-02T03:38:13.474250Z"}]}
[debug] [2026-07-02T03:47:20.440Z] Checked if tokens are valid: true, expires at: 1782967079368
[debug] [2026-07-02T03:47:20.440Z] Checked if tokens are valid: true, expires at: 1782967079368
[debug] [2026-07-02T03:47:20.440Z] >>> [apiv2][query] GET https://firebaserules.googleapis.com/v1/projects/dev-soc-registrations/rulesets/67ba5168-a2fb-48b0-88b6-9a948fdb1159 [none]
[debug] [2026-07-02T03:47:20.808Z] <<< [apiv2][status] GET https://firebaserules.googleapis.com/v1/projects/dev-soc-registrations/rulesets/67ba5168-a2fb-48b0-88b6-9a948fdb1159 200
[debug] [2026-07-02T03:47:20.808Z] <<< [apiv2][body] GET https://firebaserules.googleapis.com/v1/projects/dev-soc-registrations/rulesets/67ba5168-a2fb-48b0-88b6-9a948fdb1159 [omitted]
[info] i  firestore: latest version of firestore.rules already up to date, skipping upload... 
[debug] [2026-07-02T03:47:20.810Z] [rules] releasing cloud.firestore with ruleset projects/dev-soc-registrations/rulesets/67ba5168-a2fb-48b0-88b6-9a948fdb1159
[debug] [2026-07-02T03:47:20.810Z] Checked if tokens are valid: true, expires at: 1782967079368
[debug] [2026-07-02T03:47:20.810Z] Checked if tokens are valid: true, expires at: 1782967079368
[debug] [2026-07-02T03:47:20.810Z] >>> [apiv2][query] PATCH https://firebaserules.googleapis.com/v1/projects/dev-soc-registrations/releases/cloud.firestore [none]
[debug] [2026-07-02T03:47:20.810Z] >>> [apiv2][body] PATCH https://firebaserules.googleapis.com/v1/projects/dev-soc-registrations/releases/cloud.firestore {"release":{"name":"projects/dev-soc-registrations/releases/cloud.firestore","rulesetName":"projects/dev-soc-registrations/rulesets/67ba5168-a2fb-48b0-88b6-9a948fdb1159"}}
[debug] [2026-07-02T03:47:22.292Z] <<< [apiv2][status] PATCH https://firebaserules.googleapis.com/v1/projects/dev-soc-registrations/releases/cloud.firestore 200
[debug] [2026-07-02T03:47:22.292Z] <<< [apiv2][body] PATCH https://firebaserules.googleapis.com/v1/projects/dev-soc-registrations/releases/cloud.firestore {"name":"projects/dev-soc-registrations/releases/cloud.firestore","rulesetName":"projects/dev-soc-registrations/rulesets/67ba5168-a2fb-48b0-88b6-9a948fdb1159","createTime":"2026-07-01T15:34:28.159500Z","updateTime":"2026-07-02T03:47:22.138677Z"}
[debug] [2026-07-02T03:47:22.292Z] [rules] updated release projects/dev-soc-registrations/releases/cloud.firestore
[info] ✔  firestore: released rules firestore.rules to cloud.firestore 
[info] 
[info] ✔  Deploy complete! 
[info] 
[info] Project Console: https://console.firebase.google.com/project/dev-soc-registrations/overview
[debug] [2026-07-02T03:47:32.304Z] Error: Timed out.
    at Timeout._onTimeout (/home/mandar/.npm/_npx/ba4f1959e38407b5/node_modules/firebase-tools/lib/utils.js:313:49)
    at listOnTimeout (node:internal/timers:585:17)
    at process.processTimers (node:internal/timers:521:7)
[error] 
[error] Error: An unexpected error has occurred.
